<?xml version="1.0" encoding="UTF-8"?>
<!-- Generated by org.testng.reporters.JUnitReportReporter -->
<testsuite skipped="0" hostname="W43292" name="roughwork.roughclass" tests="1" failures="0" timestamp="09 Mar 2018 06:09:32 GMT" time="0.004" errors="0">
  <testcase name="firstTest" time="0.004" classname="roughwork.roughclass"/>
</testsuite> <!-- roughwork.roughclass -->
